<?xml version="1.0" encoding="UTF-8"?>
<!-- Generated by org.testng.reporters.JUnitReportReporter -->
<testsuite skipped="0" hostname="IT301222" name="com.cucumber.runner.Runner" tests="1" failures="0" timestamp="02 Jan 2021 00:56:29 GMT" time="151.048" errors="0">
  <testcase name="runCuke" time="151.048" classname="com.cucumber.runner.Runner"/>
</testsuite> <!-- com.cucumber.runner.Runner -->
