<?xml version="1.0" encoding="UTF-8"?>
<!-- Generated by org.testng.reporters.JUnitReportReporter -->
<testsuite skipped="0" hostname="IT301222" name="com.cucumber.runner.Runner" tests="1" failures="0" timestamp="29 Dec 2020 23:45:19 GMT" time="150.574" errors="0">
  <testcase name="runCuke" time="150.574" classname="com.cucumber.runner.Runner"/>
</testsuite> <!-- com.cucumber.runner.Runner -->
